<?xml version="1.0" encoding="UTF-8"?>
<testsuite name="com.service.OrdersServiceTest" tests="1" skipped="0" failures="0" errors="0" timestamp="2020-08-09T17:36:49" hostname="c-76-110-96-15.hsd1.fl.comcast.net" time="0.028">
  <properties/>
  <testcase name="testFindTotal" classname="com.service.OrdersServiceTest" time="0.028"/>
  <system-out><![CDATA[]]></system-out>
  <system-err><![CDATA[]]></system-err>
</testsuite>
